#
# There is insufficient memory for the Java Runtime Environment to continue.
# Native memory allocation (mmap) failed to map 536870912 bytes. Error detail: G1 virtual space
# Possible reasons:
#   The system is out of physical RAM or swap space
#   This process is running with CompressedOops enabled, and the Java Heap may be blocking the growth of the native heap
# Possible solutions:
#   Reduce memory load on the system
#   Increase physical memory or swap space
#   Check if swap backing store is full
#   Decrease Java heap size (-Xmx/-Xms)
#   Decrease number of Java threads
#   Decrease Java thread stack sizes (-Xss)
#   Set larger code cache with -XX:ReservedCodeCacheSize=
#   JVM is running with Unscaled Compressed Oops mode in which the Java heap is
#     placed in the first 4GB address space. The Java Heap base address is the
#     maximum limit for the native heap growth. Please use -XX:HeapBaseMinAddress
#     to set the Java Heap base and to place the Java Heap above 4GB virtual address.
# This output file may be truncated or incomplete.
#
#  Out of Memory Error (os_windows.cpp:3815), pid=28604, tid=34616
#
# JRE version:  (21.0.3) (build )
# Java VM: OpenJDK 64-Bit Server VM (21.0.3+-12282718-b509.11, mixed mode, sharing, tiered, compressed oops, compressed class ptrs, g1 gc, windows-amd64)
# No core dump will be written. Minidumps are not enabled by default on client versions of Windows
#

---------------  S U M M A R Y ------------

Command Line: -Djava.awt.headless=true -Djava.library.path=C:\Program Files\Android\Android Studio1\jbr\bin;C:\Windows\Sun\Java\bin;C:\Windows\system32;C:\Windows;C:\Program Files\Common Files\Oracle\Java\javapath;C:\Windows\system32;C:\Windows;C:\Windows\System32\Wbem;C:\Windows\System32\WindowsPowerShell\v1.0\;C:\Windows\System32\OpenSSH\;C:\Program Files\NVIDIA Corporation\NVIDIA NvDLISR;C:\Program Files (x86)\NVIDIA Corporation\PhysX\Common;C:\Program Files\MATLAB\R2023b\bin;C:\Program Files\dotnet\;C:\Program Files (x86)\Windows Kits\10\Windows Performance Toolkit\;C:\Program Files\Common Files\Autodesk Shared\;C:\Program Files\Microsoft SQL Server\150\Tools\Binn\;C:\Program Files\Git\cmd;C:\Users\Shammir\AppData\Local\Microsoft\WindowsApps;C:\Users\Shammir\AppData\Local\Programs\Microsoft VS Code\bin;C:\Users\Shammir\AppData\Local\GitHubDesktop\bin;.;C:\Users\Shammir\AndroidStudioProjects\LavenderBreeze\code\app\src\testDebug\jniLibs;C:\Users\Shammir\AndroidStudioProjects\LavenderBreeze\code\app\src\test\jniLibs -Dorg.gradle.internal.worker.tmpdir=C:\Users\Shammir\AndroidStudioProjects\LavenderBreeze\code\app\build\tmp\testDebugUnitTest\work -Dorg.gradle.native=false -Xmx512m -Dfile.encoding=UTF-8 -Duser.country=US -Duser.language=en -Duser.variant -ea worker.org.gradle.process.internal.worker.GradleWorkerMain 'Gradle Test Executor 1'

Host: AMD Ryzen 5 5600X 6-Core Processor             , 12 cores, 31G,  Windows 10 , 64 bit Build 19041 (10.0.19041.5072)
Time: Sun Dec  1 19:31:50 2024 Mountain Standard Time elapsed time: 0.005872 seconds (0d 0h 0m 0s)

---------------  T H R E A D  ---------------

Current thread (0x000001c82ae3cfe0):  JavaThread "Unknown thread" [_thread_in_vm, id=34616, stack(0x0000008acc300000,0x0000008acc400000) (1024K)]

Stack: [0x0000008acc300000,0x0000008acc400000]
Native frames: (J=compiled Java code, j=interpreted, Vv=VM code, C=native code)
V  [jvm.dll+0x6cafb9]
V  [jvm.dll+0x858523]
V  [jvm.dll+0x85aa7e]
V  [jvm.dll+0x85b163]
V  [jvm.dll+0x27d356]
V  [jvm.dll+0x6c7865]
V  [jvm.dll+0x6bbd3a]
V  [jvm.dll+0x35199b]
V  [jvm.dll+0x3595d6]
V  [jvm.dll+0x3aa826]
V  [jvm.dll+0x3aaaf8]
V  [jvm.dll+0x3240bc]
V  [jvm.dll+0x324dab]
V  [jvm.dll+0x81fd89]
V  [jvm.dll+0x3b7c08]
V  [jvm.dll+0x80921d]
V  [jvm.dll+0x44c05e]
V  [jvm.dll+0x44d6b1]
C  [jli.dll+0x52ab]
C  [ucrtbase.dll+0x21bb2]
C  [KERNEL32.DLL+0x17374]
C  [ntdll.dll+0x4cc91]


---------------  P R O C E S S  ---------------

Threads class SMR info:
_java_thread_list=0x00007ffe6f7357c8, length=0, elements={
}

Java Threads: ( => current thread )
Total: 0

Other Threads:
  0x000001c82ae673e0 WorkerThread "GC Thread#0"                     [id=17228, stack(0x0000008acc400000,0x0000008acc500000) (1024K)]
  0x000001c82ae6d540 ConcurrentGCThread "G1 Main Marker"            [id=5580, stack(0x0000008acc500000,0x0000008acc600000) (1024K)]
  0x000001c82ae6e7e0 WorkerThread "G1 Conc#0"                       [id=29756, stack(0x0000008acc600000,0x0000008acc700000) (1024K)]

[error occurred during error reporting (printing all threads), id 0xc0000005, EXCEPTION_ACCESS_VIOLATION (0xc0000005) at pc=0x00007ffe6ef37197]
VM state: not at safepoint (not fully initialized)

VM Mutex/Monitor currently owned by a thread:  ([mutex/lock_event])
[0x00007ffe6f7a21c8] Heap_lock - owner thread: 0x000001c82ae3cfe0

Heap address: 0x00000000e0000000, size: 512 MB, Compressed Oops mode: 32-bit

CDS archive(s) mapped at: [0x0000000000000000-0x0000000000000000-0x0000000000000000), size 0, SharedBaseAddress: 0x0000000800000000, ArchiveRelocationMode: 1.
Narrow klass base: 0x0000000000000000, Narrow klass shift: 0, Narrow klass range: 0x0

GC Precious Log:
 CardTable entry size: 512
 Card Set container configuration: InlinePtr #cards 5 size 8 Array Of Cards #cards 12 size 40 Howl #buckets 4 coarsen threshold 1843 Howl Bitmap #cards 512 size 80 coarsen threshold 460 Card regions per heap region 1 cards per card region 2048

Heap:
 garbage-first heap   total 0K, used 0K [0x00000000e0000000, 0x0000000100000000)
  region size 1024K, 0 young (0K), 0 survivors (0K)
 Metaspace       used 0K, committed 0K, reserved 0K
  class space    used 0K, committed 0K, reserved 0K

Heap Regions: E=young(eden), S=young(survivor), O=old, HS=humongous(starts), HC=humongous(continues), CS=collection set, F=free, TAMS=top-at-mark-start, PB=parsable bottom

Card table byte_map: [0x000001c83d5c0000,0x000001c83d6c0000] _byte_map_base: 0x000001c83cec0000

Marking Bits: (CMBitMap*) 0x000001c82ae67ae0
 Bits: [0x000001c83d6c0000, 0x000001c83dec0000)

GC Heap History (0 events):
No events

Dll operation events (1 events):
Event: 0.004 Loaded shared library C:\Program Files\Android\Android Studio1\jbr\bin\java.dll

Deoptimization events (0 events):
No events

Classes loaded (0 events):
No events

Classes unloaded (0 events):
No events

Classes redefined (0 events):
No events

Internal exceptions (0 events):
No events

ZGC Phase Switch (0 events):
No events

VM Operations (0 events):
No events

Events (0 events):
No events


Dynamic libraries:
0x00007ff73cdf0000 - 0x00007ff73cdfa000 	C:\Program Files\Android\Android Studio1\jbr\bin\java.exe
0x00007fff43750000 - 0x00007fff43948000 	C:\Windows\SYSTEM32\ntdll.dll
0x00007fff43350000 - 0x00007fff43412000 	C:\Windows\System32\KERNEL32.DLL
0x00007fff411e0000 - 0x00007fff414de000 	C:\Windows\System32\KERNELBASE.dll
0x00007fff3cc40000 - 0x00007fff3ccd4000 	C:\Windows\SYSTEM32\apphelp.dll
0x00007fff414e0000 - 0x00007fff415e0000 	C:\Windows\System32\ucrtbase.dll
0x00007fff23840000 - 0x00007fff2385b000 	C:\Program Files\Android\Android Studio1\jbr\bin\VCRUNTIME140.dll
0x00007fff3cd20000 - 0x00007fff3cd38000 	C:\Program Files\Android\Android Studio1\jbr\bin\jli.dll
0x00007fff42d20000 - 0x00007fff42ebd000 	C:\Windows\System32\USER32.dll
0x00007fff416d0000 - 0x00007fff416f2000 	C:\Windows\System32\win32u.dll
0x00007fff35a00000 - 0x00007fff35c9a000 	C:\Windows\WinSxS\amd64_microsoft.windows.common-controls_6595b64144ccf1df_6.0.19041.4355_none_60b8b9eb71f62e16\COMCTL32.dll
0x00007fff42830000 - 0x00007fff4285b000 	C:\Windows\System32\GDI32.dll
0x00007fff42990000 - 0x00007fff42a2e000 	C:\Windows\System32\msvcrt.dll
0x00007fff40e80000 - 0x00007fff40f97000 	C:\Windows\System32\gdi32full.dll
0x00007fff41630000 - 0x00007fff416cd000 	C:\Windows\System32\msvcp_win.dll
0x00007fff41fc0000 - 0x00007fff41fef000 	C:\Windows\System32\IMM32.DLL
0x00007fff3cfd0000 - 0x00007fff3cfdc000 	C:\Program Files\Android\Android Studio1\jbr\bin\vcruntime140_1.dll
0x00007fff07440000 - 0x00007fff074cd000 	C:\Program Files\Android\Android Studio1\jbr\bin\msvcp140.dll
0x00007ffe6ec00000 - 0x00007ffe6f87d000 	C:\Program Files\Android\Android Studio1\jbr\bin\server\jvm.dll
0x00007fff43290000 - 0x00007fff43341000 	C:\Windows\System32\ADVAPI32.dll
0x00007fff41d50000 - 0x00007fff41def000 	C:\Windows\System32\sechost.dll
0x00007fff41e80000 - 0x00007fff41fa3000 	C:\Windows\System32\RPCRT4.dll
0x00007fff411b0000 - 0x00007fff411d7000 	C:\Windows\System32\bcrypt.dll
0x00007fff42ec0000 - 0x00007fff42f2b000 	C:\Windows\System32\WS2_32.dll
0x00007fff402f0000 - 0x00007fff4033b000 	C:\Windows\SYSTEM32\POWRPROF.dll
0x00007fff31f70000 - 0x00007fff31f97000 	C:\Windows\SYSTEM32\WINMM.dll
0x00007fff37be0000 - 0x00007fff37bea000 	C:\Windows\SYSTEM32\VERSION.dll
0x00007fff401b0000 - 0x00007fff401c2000 	C:\Windows\SYSTEM32\UMPDC.dll
0x00007fff3eb70000 - 0x00007fff3eb82000 	C:\Windows\SYSTEM32\kernel.appcore.dll
0x00007fff3c340000 - 0x00007fff3c34a000 	C:\Program Files\Android\Android Studio1\jbr\bin\jimage.dll
0x00007fff31630000 - 0x00007fff31814000 	C:\Windows\SYSTEM32\DBGHELP.DLL
0x00007fff1b0c0000 - 0x00007fff1b0f4000 	C:\Windows\SYSTEM32\dbgcore.DLL
0x00007fff40df0000 - 0x00007fff40e72000 	C:\Windows\System32\bcryptPrimitives.dll
0x00007fff1b1a0000 - 0x00007fff1b1bf000 	C:\Program Files\Android\Android Studio1\jbr\bin\java.dll

dbghelp: loaded successfully - version: 4.0.5 - missing functions: none
symbol engine: initialized successfully - sym options: 0x614 - pdb path: .;C:\Program Files\Android\Android Studio1\jbr\bin;C:\Windows\SYSTEM32;C:\Windows\WinSxS\amd64_microsoft.windows.common-controls_6595b64144ccf1df_6.0.19041.4355_none_60b8b9eb71f62e16;C:\Program Files\Android\Android Studio1\jbr\bin\server

VM Arguments:
jvm_args: -Djava.awt.headless=true -Djava.library.path=C:\Program Files\Android\Android Studio1\jbr\bin;C:\Windows\Sun\Java\bin;C:\Windows\system32;C:\Windows;C:\Program Files\Common Files\Oracle\Java\javapath;C:\Windows\system32;C:\Windows;C:\Windows\System32\Wbem;C:\Windows\System32\WindowsPowerShell\v1.0\;C:\Windows\System32\OpenSSH\;C:\Program Files\NVIDIA Corporation\NVIDIA NvDLISR;C:\Program Files (x86)\NVIDIA Corporation\PhysX\Common;C:\Program Files\MATLAB\R2023b\bin;C:\Program Files\dotnet\;C:\Program Files (x86)\Windows Kits\10\Windows Performance Toolkit\;C:\Program Files\Common Files\Autodesk Shared\;C:\Program Files\Microsoft SQL Server\150\Tools\Binn\;C:\Program Files\Git\cmd;C:\Users\Shammir\AppData\Local\Microsoft\WindowsApps;C:\Users\Shammir\AppData\Local\Programs\Microsoft VS Code\bin;C:\Users\Shammir\AppData\Local\GitHubDesktop\bin;.;C:\Users\Shammir\AndroidStudioProjects\LavenderBreeze\code\app\src\testDebug\jniLibs;C:\Users\Shammir\AndroidStudioProjects\LavenderBreeze\code\app\src\test\jniLibs -Dorg.gradle.internal.worker.tmpdir=C:\Users\Shammir\AndroidStudioProjects\LavenderBreeze\code\app\build\tmp\testDebugUnitTest\work -Dorg.gradle.native=false -Xmx512m -Dfile.encoding=UTF-8 -Duser.country=US -Duser.language=en -Duser.variant -ea 
java_command: worker.org.gradle.process.internal.worker.GradleWorkerMain 'Gradle Test Executor 1'
java_class_path (initial): C:\\Users\\Shammir\\.gradle\\caches\\8.7\\workerMain\\gradle-worker.jar;C:\\Users\\Shammir\\AndroidStudioProjects\\LavenderBreeze\\code\\app\\build\\intermediates\\javac\\debugUnitTest\\compileDebugUnitTestJavaWithJavac\\classes;C:\\Users\\Shammir\\AndroidStudioProjects\\LavenderBreeze\\code\\app\\build\\intermediates\\runtime_app_classes_jar\\debug\\bundleDebugClassesToRuntimeJar\\classes.jar;C:\\Users\\Shammir\\.gradle\\caches\\transforms-4\\d192e2c54534195f46ede2714dc90932\\transformed\\junit-1.2.1-runtime.jar;C:\\Users\\Shammir\\.gradle\\caches\\transforms-4\\025d4b14df76b0c242592af5f9c15b91\\transformed\\espresso-core-3.6.1-runtime.jar;C:\\Users\\Shammir\\.gradle\\caches\\transforms-4\\1f9acefef154a86e6a779c8a863107e9\\transformed\\rules-1.6.1-runtime.jar;C:\\Users\\Shammir\\.gradle\\caches\\transforms-4\\4ca87bcf6100b81bbb7b4d205c59f9ce\\transformed\\runner-1.6.1-runtime.jar;C:\\Users\\Shammir\\.gradle\\caches\\modules-2\\files-2.1\\junit\\junit\\4.13.2\\8ac9e16d933b6fb43bc7f576336b8f4d7eb5ba12\\junit-4.13.2.jar;C:\\Users\\Shammir\\.gradle\\caches\\transforms-4\\f54e886b00164337820347fd7be1196e\\transformed\\picasso-2.8-runtime.jar;C:\\Users\\Shammir\\.gradle\\caches\\transforms-4\\ca3d247b7cab2cb1a49110bfe8bd9637\\transformed\\firebase-database-21.0.0-runtime.jar;C:\\Users\\Shammir\\.gradle\\caches\\transforms-4\\a185eb34beb3486a0661c81006f640fa\\transformed\\navigation-common-2.8.4-runtime.jar;C:\\Users\\Shammir\\.gradle\\caches\\transforms-4\\2ba61cf147f4b358632f95ff84fa30cf\\transformed\\navigation-runtime-2.8.4-runtime.jar;C:\\Users\\Shammir\\.gradle\\caches\\transforms-4\\8e33ecf796ea7f61dda17061f35e3cc0\\transformed\\navigation-ui-2.8.4-runtime.jar;C:\\Users\\Shammir\\.gradle\\caches\\transforms-4\\4fe10f282464fc099223db6ac26d6605\\transformed\\navigation-fragment-2.8.4-runtime.jar;C:\\Users\\Shammir\\.gradle\\caches\\transforms-4\\11fa3dc01301e4fbf2ed24919fa662bf\\transformed\\slidingpanelayout-1.2.0-runtime.jar;C:\\Users\\Shammir\\.gradle\\caches\\transforms-4\\71df50b986d950b8a31a6ea87a9063fa\\transformed\\window-1.3.0-runtime.jar;C:\\Users\\Shammir\\.gradle\\caches\\transforms-4\\52521b265928f2fc2c34c07781b1ee38\\transformed\\play-services-location-21.3.0-runtime.jar;C:\\Users\\Shammir\\.gradle\\caches\\transforms-4\\d5737109414e40cfeefe544fe5ce4493\\transformed\\zxing-android-embedded-4.3.0-runtime.jar;C:\\Users\\Shammir\\.gradle\\caches\\transforms-4\\5187fe92b20403f23d9c707f70b3db82\\transformed\\firebase-firestore-25.1.1-runtime.jar;C:\\Users\\Shammir\\.gradle\\caches\\transforms-4\\cd608a81122ac632bfc7a10f5c5732f0\\transformed\\firebase-storage-21.0.1-runtime.jar;C:\\Users\\Shammir\\.gradle\\caches\\transforms-4\\8443a86aaaec6980b8c475ea0f18c8b7\\transformed\\glide-4.15.1-runtime.jar;C:\\Users\\Shammir\\.gradle\\caches\\transforms-4\\8f8fd2320e4abf75fd25c2cc28eefca5\\transformed\\material-1.12.0-runtime.jar;C:\\Users\\Shammir\\.gradle\\caches\\transforms-4\\44be8b764a89a72838a94dbb07c42fad\\transformed\\constraintlayout-2.2.0-runtime.jar;C:\\Users\\Shammir\\.gradle\\caches\\transforms-4\\a4dc59ac397187fcf2c635dcb254c44a\\transformed\\appcompat-resources-1.7.0-runtime.jar;C:\\Users\\Shammir\\.gradle\\caches\\transforms-4\\cb7b5edae42c6d54db13ef0452bb10a1\\transformed\\appcompat-1.7.0-runtime.jar;C:\\Users\\Shammir\\.gradle\\caches\\transforms-4\\3573544d0cf60d8bc9fa3ce3eaf9a01c\\transformed\\play-services-maps-18.1.0-runtime.jar;C:\\Users\\Shammir\\.gradle\\caches\\transforms-4\\2db6dfb271c64ec0d63d1ffaed413786\\transformed\\firebase-appcheck-18.0.0-runtime.jar;C:\\Users\\Shammir\\.gradle\\caches\\transforms-4\\c2877a5bb2aa1d173e927163f22ee00a\\transformed\\firebase-appcheck-interop-17.1.0-runtime.jar;C:\\Users\\Shammir\\.gradle\\caches\\transforms-4\\5aeae0c0a0a39de7e146125dacef3cdc\\transformed\\firebase-database-collection-18.0.1-runtime.jar;C:\\Users\\Shammir\\.gradle\\caches\\transforms-4\\56e6d92b84f4f03cf7c293b4d054d756\\transformed\\play-services-base-18.5.0-runtime.jar;C:\\Users\\Shammir\\.gradle\\caches\\transforms-4\\cd4e1a8512cc3a7e5e201a677c5e99fa\\transformed\\firebase-auth-interop-20.0.0-runtime.jar;C:\\Users\\Shammir\\.gradle\\caches\\transforms-4\\f6b9b46eae26603edb96616b6513a893\\transformed\\firebase-common-ktx-21.0.0-runtime.jar;C:\\Users\\Shammir\\.gradle\\caches\\transforms-4\\ff3c6ab0a887322fdabff292cfb9c988\\transformed\\firebase-common-21.0.0-runtime.jar;C:\\Users\\Shammir\\.gradle\\caches\\transforms-4\\b2951a160dbd467efa91529d9cf6dc1b\\transformed\\fragment-ktx-1.6.2-runtime.jar;C:\\Users\\Shammir\\.gradle\\caches\\transforms-4\\8c438fa41b92c255229107a2f581308d\\transformed\\core-1.6.1-runtime.jar;C:\\Users\\Shammir\\.gradle\\caches\\transforms-4\\a18083bf836662ceaf70e8ef616cd74d\\transformed\\activity-ktx-1.9.3-runtime.jar;C:\\Users\\Shammir\\.gradle\\caches\\transforms-4\\aae487a8cd58457fcdc4a9477174f24f\\transformed\\savedstate-ktx-1.2.1-runtime.jar;C:\\Users\\Shammir\\.gradle\\caches\\transforms-4\\5b2c8e7b3a4e5608434453f68afbc54a\\transformed\\savedstate-1.2.1-runtime.jar;C:\\Users\\Shammir\\.gradle\\caches\\transforms-4\\31fe79234c99066732dbcf9643251378\\transformed\\emoji2-views-helper-1.3.0-runtime.jar;C:\\Users\\Shammir\\.gradle\\caches\\transforms-4\\3f87391ec05381b061b23432673b4237\\transformed\\emoji2-1.3.0-runtime.jar;C:\\Users\\Shammir\\.gradle\\caches\\transforms-4\\f5556146297c5cf13c149ff9f187dc45\\transformed\\transition-1.5.0-runtime.jar;C:\\Users\\Shammir\\.gradle\\caches\\transforms-4\\f9eaa436cb318bfed6a0e44d1b6d9c71\\transformed\\dynamicanimation-1.0.0-runtime.jar;C:\\Users\\Shammir\\.gradle\\caches\\transforms-4\\e05ac66a0032d1087b4b6edf62c86703\\transformed\\legacy-support-core-utils-1.0.0-runtime.jar;C:\\Users\\Shammir\\.gradle\\caches\\transforms-4\\dbce0305b9506f24a55d5e6f1fffd074\\transformed\\loader-1.0.0-runtime.jar;C:\\Users\\Shammir\\.gradle\\caches\\transforms-4\\477b134dd610cbe918905ce51f57fe79\\transformed\\lifecycle-livedata-2.6.2-runtime.jar;C:\\Users\\Shammir\\.gradle\\caches\\transforms-4\\a46e9ad58fba9e784d8251ac2f7e4ed7\\transformed\\lifecycle-viewmodel-2.6.2-runtime.jar;C:\\Users\\Shammir\\.gradle\\caches\\transforms-4\\d475e38640344da81ffc8e4b5491318a\\transformed\\lifecycle-process-2.6.2-runtime.jar;C:\\Users\\Shammir\\.gradle\\caches\\transforms-4\\256b873ef72366b98dae9f543f2f33ab\\transformed\\lifecycle-livedata-core-ktx-2.6.2-runtime.jar;C:\\Users\\Shammir\\.gradle\\caches\\transforms-4\\df1013d422c095021ace457e7dae933e\\transformed\\lifecycle-livedata-core-2.6.2-runtime.jar;C:\\Users\\Shammir\\.gradle\\caches\\modules-2\\files-2.1\\androidx.lifecycle\\lifecycle-common\\2.6.2\\10f354fdb64868baecd67128560c5a0d6312c495\\lifecycle-common-2.6.2.jar;C:\\Users\\Shammir\\.gradle\\caches\\transforms-4\\ec22b50862f03a762b9923e064c5f243\\transformed\\lifecycle-runtime-ktx-2.6.2-runtime.jar;C:\\Users\\Shammir\\.gradle\\caches\\transforms-4\\22b154175c9ff9260ff7b45ff571732b\\transformed\\lifecycle-viewmodel-savedstate-2.6.2-runtime.jar;C:\\Users\\Shammir\\.gradle\\caches\\transforms-4\\16882a3c2e482709145aacfe55b06b16\\transformed\\core-ktx-1.13.0-runtime.jar;C:\\Users\\Shammir\\.gradle\\caches\\transforms-4\\591c8c43bbefb0887fb06eacea17283e\\transformed\\drawerlayout-1.1.1-runtime.jar;C:\\Users\\Shammir\\.gradle\\caches\\transforms-4\\3c0b77c73a8feedcf58951a6f49860f9\\transformed\\coordinatorlayout-1.1.0-runtime.jar;C:\\Users\\Shammir\\.gradle\\caches\\transforms-4\\b0e880d6fdaf82dbbed63e0a6de48aa0\\transformed\\vectordrawable-animated-1.1.0-runtime.jar;C:\\Users\\Shammir\\.gradle\\caches\\transforms-4\\979c1c9acab05ad22af93dd31ed6e9cd\\transformed\\vectordrawable-1.1.0-runtime.jar;C:\\Users\\Shammir\\.gradle\\caches\\transforms-4\\ffb7d449e4abba87a4521459430cfce4\\transformed\\viewpager2-1.0.0-runtime.jar;C:\\Users\\Shammir\\.gradle\\caches\\transforms-4\\6d9d72faa485190ff67d0dd3f6e6bc09\\transformed\\recyclerview-1.1.0-runtime.jar;C:\\Users\\Shammir\\.gradle\\caches\\transforms-4\\a588f007e183bd45a50a6d738d406568\\transformed\\viewpager-1.0.0-runtime.jar;C:\\Users\\Shammir\\.gradle\\caches\\transforms-4\\f61ecd5e93f0722e9d570176f95a5d43\\transformed\\customview-1.1.0-runtime.jar;C:\\Users\\Shammir\\.gradle\\caches\\transforms-4\\2d8ee13ba2578fa1b863de1f254da98c\\transformed\\core-1.13.0-runtime.jar;C:\\Users\\Shammir\\.gradle\\caches\\transforms-4\\e7ed5acc6286401f74915b7693094587\\transformed\\lifecycle-runtime-2.6.2-runtime.jar;C:\\Users\\Shammir\\.gradle\\caches\\transforms-4\\aa5ddbfbc160ecf6fbe4216b211e93d9\\transformed\\lifecycle-viewmodel-ktx-2.6.2-runtime.jar;C:\\Users\\Shammir\\.gradle\\caches\\modules-2\\files-2.1\\org.jetbrains.kotlinx\\kotlinx-coroutines-android\\1.7.3\\38d9cad3a0b03a10453b56577984bdeb48edeed5\\kotlinx-coroutines-android-1.7.3.jar;C:\\Users\\Shammir\\.gradle\\caches\\modules-2\\files-2.1\\androidx.concurrent\\concurrent-futures-ktx\\1.1.0\\b4c245baf36d1a9e7defaf3be84f7a2ad4e1c797\\concurrent-futures-ktx-1.1.0.jar;C:\\Users\\Shammir\\.gradle\\caches\\modules-2\\files-2.1\\org.jetbrains.kotlinx\\kotlinx-coroutines-core-jvm\\1.7.3\\2b09627576f0989a436a00a4a54b55fa5026fb86\\kotlinx-coroutines-core-jvm-1.7.3.jar;C:\\Users\\Shammir\\.gradle\\caches\\modules-2\\files-2.1\\org.jetbrains.kotlinx\\kotlinx-coroutines-play-services\\1.7.3\\7087d47913cfb0062c9909dacbfc78fe44c5ecff\\kotlinx-coroutines-play-services-1.7.3.jar;C:\\Users\\Shammir\\.gradle\\caches\\transforms-4\\6f19b766a0bae727dfa1323cf16058fe\\transformed\\play-services-tasks-18.2.0-runtime.jar;C:\\Users\\Shammir\\.gradle\\caches\\transforms-4\\3c3c7a6b0881d3499fc430be4bcd9ef8\\transformed\\play-services-basement-18.4.0-runtime.jar;C:\\Users\\Shammir\\.gradle\\caches\\transforms-4\\092d8d2294a5daecd830b86c9f0bd74b\\transformed\\fragment-1.6.2-runtime.jar;C:\\Users\\Shammir\\.gradle\\caches\\transforms-4\\11463b0b92054bfe6a962c26e139d0a5\\transformed\\activity-1.9.3-runtime.jar;C:\\Users\\Shammir\\.gradle\\caches\\modules-2\\files-2.1\\org.hamcrest\\hamcrest-library\\1.3\\4785a3c21320980282f9f33d0d1264a69040538f\\hamcrest-library-1.3.jar;C:\\Users\\Shammir\\.gradle\\caches\\modules-2\\files-2.1\\org.hamcrest\\hamcrest-core\\1.3\\42a25dc3219429f0e5d060061f71acb49bf010a0\\hamcrest-core-1.3.jar;C:\\Users\\Shammir\\.gradle\\caches\\modules-2\\files-2.1\\com.squareup.okhttp3\\okhttp\\3.10.0\\7ef0f1d95bf4c0b3ba30bbae25e0e562b05cf75e\\okhttp-3.10.0.jar;C:\\Users\\Shammir\\.gradle\\caches\\transforms-4\\baad36469293b7b5b46babdad9472fdd\\transformed\\firebase-components-18.0.0-runtime.jar;C:\\Users\\Shammir\\.gradle\\caches\\transforms-4\\0d6e20993c49419d4e92fc718db20b2e\\transformed\\core-1.0.0-runtime.jar;C:\\Users\\Shammir\\.gradle\\caches\\transforms-4\\268d76599f36cdc516c85fe04edb8685\\transformed\\exifinterface-1.3.3-runtime.jar;C:\\Users\\Shammir\\.gradle\\caches\\transforms-4\\79a090179261fc87f2759af79b02147a\\transformed\\gifdecoder-4.15.1-runtime.jar;C:\\Users\\Shammir\\.gradle\\caches\\transforms-4\\0f9e6851627fb6a4f9756d6449837b2a\\transformed\\storage-1.5.0-runtime.jar;C:\\Users\\Shammir\\.gradle\\caches\\transforms-4\\cf8d5dc87e9da833a6d780f9c725fe27\\transformed\\monitor-1.7.1-runtime.jar;C:\\Users\\Shammir\\.gradle\\caches\\transforms-4\\604383d06190e1dca604c7413005f5f5\\transformed\\profileinstaller-1.4.0-runtime.jar;C:\\Users\\Shammir\\.gradle\\caches\\modules-2\\files-2.1\\androidx.concurrent\\concurrent-futures\\1.1.0\\50b7fb98350d5f42a4e49704b03278542293ba48\\concurrent-futures-1.1.0.jar;C:\\Users\\Shammir\\.gradle\\caches\\transforms-4\\57e8bd57ae9ceaa7bbbd931dc86f3b27\\transformed\\cursoradapter-1.0.0-runtime.jar;C:\\Users\\Shammir\\.gradle\\caches\\modules-2\\files-2.1\\androidx.resourceinspection\\resourceinspection-annotation\\1.0.1\\8c21f8ff5d96d5d52c948707f7e4d6ca6773feef\\resourceinspection-annotation-1.0.1.jar;C:\\Users\\Shammir\\.gradle\\caches\\transforms-4\\26bcd9101ed35d7e3c6a2578a2361d0a\\transformed\\cardview-1.0.0-runtime.jar;C:\\Users\\Shammir\\.gradle\\caches\\modules-2\\files-2.1\\androidx.constraintlayout\\constraintlayout-core\\1.1.0\\e678372aacb0e91f0ed44854a8a413fc93283050\\constraintlayout-core-1.1.0.jar;C:\\Users\\Shammir\\.gradle\\caches\\transforms-4\\3edab941f85f408090cd4d2e5456ac49\\transformed\\interpolator-1.0.0-runtime.jar;C:\\Users\\Shammir\\.gradle\\caches\\transforms-4\\0f1c050e1b551fe41b2019903bf45846\\transformed\\startup-runtime-1.1.1-runtime.jar;C:\\Users\\Shammir\\.gradle\\caches\\transforms-4\\f5f232c2062452314b31de8dc8989e15\\transformed\\tracing-1.1.0-runtime.jar;C:\\Users\\Shammir\\.gradle\\caches\\transforms-4\\7c6a82a744deb77f64cf66bb925dfbb0\\transformed\\versionedparcelable-1.1.1-runtime.jar;C:\\Users\\Shammir\\.gradle\\caches\\transforms-4\\6b262fdcd3cc2a5a6fe770af0f1f0a79\\transformed\\core-runtime-2.2.0-runtime.jar;C:\\Users\\Shammir\\.gradle\\caches\\modules-2\\files-2.1\\androidx.arch.core\\core-common\\2.2.0\\5e1b8b81dfd5f52c56a8d53b18ca759c19a301f3\\core-common-2.2.0.jar;C:\\Users\\Shammir\\.gradle\\caches\\transforms-4\\c0101975e87e0101daea4d7a90d097a1\\transformed\\documentfile-1.0.0-runtime.jar;C:\\Users\\Shammir\\.gradle\\caches\\transforms-4\\8a5a7aa794c1f2d4717b87786d806136\\transformed\\localbroadcastmanager-1.0.0-runtime.jar;C:\\Users\\Shammir\\.gradle\\caches\\transforms-4\\575c03416c26f472d940974bde696f47\\transformed\\print-1.0.0-runtime.jar;C:\\Users\\Shammir\\.gradle\\caches\\modules-2\\files-2.1\\androidx.collection\\collection-ktx\\1.4.2\\2ad14aed781c4a73ed4dbb421966d408a0a06686\\collection-ktx-1.4.2.jar;C:\\Users\\Shammir\\.gradle\\caches\\modules-2\\files-2.1\\androidx.collection\\collection-jvm\\1.4.2\\bc60b5568a66d765a9fe8e266fd0c6c727e0b50b\\collection-jvm-1.4.2.jar;C:\\Users\\Shammir\\.gradle\\caches\\transforms-4\\bf486db24a5096d1db2583f0cb4a1ab6\\transformed\\annotation-experimental-1.4.1-runtime.jar;C:\\Users\\Shammir\\.gradle\\caches\\modules-2\\files-2.1\\io.grpc\\grpc-okhttp\\1.62.2\\2d8b802e7fe17c1577527195fd53a2e7355b3541\\grpc-okhttp-1.62.2.jar;C:\\Users\\Shammir\\.gradle\\caches\\modules-2\\files-2.1\\com.squareup.okio\\okio-jvm\\3.4.0\\4e8bd78a52ab935ce383d0092646922154295e54\\okio-jvm-3.4.0.jar;C:\\Users\\Shammir\\.gradle\\caches\\modules-2\\files-2.1\\org.jetbrains.kotlin\\kotlin-stdlib-jdk8\\1.8.22\\b25c86d47d6b962b9cf0f8c3f320c8a10eea3dd1\\kotlin-stdlib-jdk8-1.8.22.jar;C:\\Users\\Shammir\\.gradle\\caches\\modules-2\\files-2.1\\org.jetbrains.kotlinx\\kotlinx-serialization-core-jvm\\1.6.3\\6b6c17d0312ba7192893adea9d52959941d0119b\\kotlinx-serialization-core-jvm-1.6.3.jar;C:\\Users\\Shammir\\.gradle\\caches\\modules-2\\files-2.1\\org.jetbrains.kotlin\\kotlin-stdlib-jdk7\\1.8.22\\4dabb8248310d833bb6a8b516024a91fd3d275c\\kotlin-stdlib-jdk7-1.8.22.jar;C:\\Users\\Shammir\\.gradle\\caches\\modules-2\\files-2.1\\androidx.annotation\\annotation-jvm\\1.8.1\\b8a16fe526014b7941c1debaccaf9c5153692dbb\\annotation-jvm-1.8.1.jar;C:\\Users\\Shammir\\.gradle\\caches\\modules-2\\files-2.1\\org.jetbrains.kotlin\\kotlin-stdlib\\1.9.22\\d6c44cd08d8f3f9bece8101216dbe6553365c6e3\\kotlin-stdlib-1.9.22.jar;C:\\Users\\Shammir\\.gradle\\caches\\modules-2\\files-2.1\\com.google.zxing\\core\\3.4.1\\1869da97e9b2b60b5ff2fcaf55899174b93ae25d\\core-3.4.1.jar;C:\\Users\\Shammir\\.gradle\\caches\\modules-2\\files-2.1\\com.github.bumptech.glide\\disklrucache\\4.15.1\\e47ade981aefb5b975382750490d195fa569bbdf\\disklrucache-4.15.1.jar;C:\\Users\\Shammir\\.gradle\\caches\\modules-2\\files-2.1\\com.github.bumptech.glide\\annotations\\4.15.1\\d3721a4986a833e4ea71126489d12e08964b6f07\\annotations-4.15.1.jar;C:\\Users\\Shammir\\.gradle\\caches\\transforms-4\\886bddd82ff7d6132bca3689aa2e3537\\transformed\\espresso-idling-resource-3.6.1-runtime.jar;C:\\Users\\Shammir\\.gradle\\caches\\modules-2\\files-2.1\\io.grpc\\grpc-protobuf-lite\\1.62.2\\9d807d2a0e34bd7284a5336186f57cf241090920\\grpc-protobuf-lite-1.62.2.jar;C:\\Users\\Shammir\\.gradle\\caches\\transforms-4\\0600b2f6606e0ef24a4af63905d76f5c\\transformed\\grpc-android-1.62.2-runtime.jar;C:\\Users\\Shammir\\.gradle\\caches\\modules-2\\files-2.1\\io.grpc\\grpc-stub\\1.62.2\\fc1e85697502d96d6c912e8dd2a56f46f1aba050\\grpc-stub-1.62.2.jar;C:\\Users\\Shammir\\.gradle\\caches\\modules-2\\files-2.1\\io.grpc\\grpc-util\\1.62.2\\98c4138f09fb57c3ad6cbeffb31ed73e302038f7\\grpc-util-1.62.2.jar;C:\\Users\\Shammir\\.gradle\\caches\\modules-2\\files-2.1\\io.grpc\\grpc-core\\1.62.2\\5808049a5e33eba6f248a68d58e75399a68f2784\\grpc-core-1.62.2.jar;C:\\Users\\Shammir\\.gradle\\caches\\modules-2\\files-2.1\\io.grpc\\grpc-context\\1.62.2\\69e86c35140b3b1718d65635bb54ccecc4c12f14\\grpc-context-1.62.2.jar;C:\\Users\\Shammir\\.gradle\\caches\\modules-2\\files-2.1\\io.grpc\\grpc-api\\1.62.2\\a93b6ee3761d48edd9a9279f20a58be1a245ad01\\grpc-api-1.62.2.jar;C:\\Users\\Shammir\\.gradle\\caches\\modules-2\\files-2.1\\com.google.guava\\guava\\32.1.3-android\\ea090dd85ca2fa12d42d054369df888665230dd7\\guava-32.1.3-android.jar;C:\\Users\\Shammir\\.gradle\\caches\\modules-2\\files-2.1\\com.google.code.findbugs\\jsr305\\3.0.2\\25ea2e8b0c338a877313bd4672d3fe056ea78f0d\\jsr305-3.0.2.jar;C:\\Users\\Shammir\\.gradle\\caches\\modules-2\\files-2.1\\com.google.errorprone\\error_prone_annotations\\2.26.0\\c513866fd91bb46587500440a80fa943e95d12d9\\error_prone_annotations-2.26.0.jar;C:\\Users\\Shammir\\.gradle\\caches\\modules-2\\files-2.1\\com.google.guava\\listenablefuture\\9999.0-empty-to-avoid-conflict-with-guava\\b421526c5f297295adef1c886e5246c39d4ac629\\listenablefuture-9999.0-empty-to-avoid-conflict-with-guava.jar;C:\\Users\\Shammir\\.gradle\\caches\\modules-2\\files-2.1\\com.google.firebase\\firebase-annotations\\16.2.0\\ba0806703ca285d03fa9c888b5868f101134a501\\firebase-annotations-16.2.0.jar;C:\\Users\\Shammir\\.gradle\\caches\\modules-2\\files-2.1\\javax.inject\\javax.inject\\1\\6975da39a7040257bd51d21a231b76c915872d38\\javax.inject-1.jar;C:\\Users\\Shammir\\.gradle\\caches\\transforms-4\\171e8992401f9085d2dfe7d759dfa4fe\\transformed\\protolite-well-known-types-18.0.0-runtime.jar;C:\\Users\\Shammir\\.gradle\\caches\\modules-2\\files-2.1\\org.jetbrains\\annotations\\23.0.0\\8cc20c07506ec18e0834947b84a864bfc094484e\\annotations-23.0.0.jar;C:\\Users\\Shammir\\.gradle\\caches\\modules-2\\files-2.1\\com.google.protobuf\\protobuf-javalite\\3.25.1\\3dee29d9cbdb25f9363847054ed68d34b9f9c8b0\\protobuf-javalite-3.25.1.jar;C:\\Users\\Shammir\\.gradle\\caches\\modules-2\\files-2.1\\io.perfmark\\perfmark-api\\0.26.0\\ef65452adaf20bf7d12ef55913aba24037b82738\\perfmark-api-0.26.0.jar;C:\\Users\\Shammir\\.gradle\\caches\\modules-2\\files-2.1\\com.google.code.gson\\gson\\2.10.1\\b3add478d4382b78ea20b1671390a858002feb6c\\gson-2.10.1.jar;C:\\Users\\Shammir\\.gradle\\caches\\modules-2\\files-2.1\\com.google.android\\annotations\\4.1.1.4\\a1678ba907bf92691d879fef34e1a187038f9259\\annotations-4.1.1.4.jar;C:\\Users\\Shammir\\.gradle\\caches\\modules-2\\files-2.1\\org.codehaus.mojo\\animal-sniffer-annotations\\1.23\\3c0daebd5f0e1ce72cc50c818321ac957aeb5d70\\animal-sniffer-annotations-1.23.jar;C:\\Users\\Shammir\\.gradle\\caches\\modules-2\\files-2.1\\com.google.guava\\failureaccess\\1.0.1\\1dcf1de382a0bf95a3d8b0849546c88bac1292c9\\failureaccess-1.0.1.jar;C:\\Users\\Shammir\\.gradle\\caches\\modules-2\\files-2.1\\org.checkerframework\\checker-qual\\3.37.0\\ba74746d38026581c12166e164bb3c15e90cc4ea\\checker-qual-3.37.0.jar;C:\\Users\\Shammir\\AndroidStudioProjects\\LavenderBreeze\\code\\app\\build\\intermediates\\java_res\\debug\\processDebugJavaRes\\out;C:\\Users\\Shammir\\.gradle\\caches\\transforms-4\\19c8af029b7b561d844ea2867e660dbc\\transformed\\junit-1.2.1\\jars\\classes.jar;C:\\Users\\Shammir\\.gradle\\caches\\transforms-4\\93fb31905e62c1692fe3cbf063cba4f6\\transformed\\espresso-core-3.6.1\\jars\\classes.jar;C:\\Users\\Shammir\\.gradle\\caches\\transforms-4\\40b3495cfc9ffe2346bbce9c651f5775\\transformed\\rules-1.6.1\\jars\\classes.jar;C:\\Users\\Shammir\\.gradle\\caches\\transforms-4\\4a3642f0058cc257be07d84c27f9187b\\transformed\\runner-1.6.1\\jars\\classes.jar;C:\\Users\\Shammir\\.gradle\\caches\\transforms-4\\cc8750507d92ea3f7982c92e6e44d534\\transformed\\picasso-2.8\\jars\\classes.jar;C:\\Users\\Shammir\\.gradle\\caches\\transforms-4\\4b890295aab996bea24d6767b8130853\\transformed\\firebase-database-21.0.0\\jars\\classes.jar;C:\\Users\\Shammir\\.gradle\\caches\\transforms-4\\44dc041b0044311798da586fcd405073\\transformed\\navigation-common-2.8.4\\jars\\classes.jar;C:\\Users\\Shammir\\.gradle\\caches\\transforms-4\\d4e2363f3469bf32615a83d4ac9eb097\\transformed\\navigation-runtime-2.8.4\\jars\\classes.jar;C:\\Users\\Shammir\\.gradle\\caches\\transforms-4\\e2b51d5e9abd3fcf73944cbd36e09084\\transformed\\navigation-ui-2.8.4\\jars\\classes.jar;C:\\Users\\Shammir\\.gradle\\caches\\transforms-4\\b97a13c5fca26bc0cde5029bdc171777\\transformed\\navigation-fragment-2.8.4\\jars\\classes.jar;C:\\Users\\Shammir\\.gradle\\caches\\transforms-4\\595a3202f5fcb1fb0bc44be0edaeb0d3\\transformed\\slidingpanelayout-1.2.0\\jars\\classes.jar;C:\\Users\\Shammir\\.gradle\\caches\\transforms-4\\b5c967b84fff189628a8abc5c0f6f070\\transformed\\window-1.3.0\\jars\\classes.jar;C:\\Users\\Shammir\\.gradle\\caches\\transforms-4\\b08cc68868fca341e353c339745d33fb\\transformed\\play-services-location-21.3.0\\jars\\classes.jar;C:\\Users\\Shammir\\.gradle\\caches\\transforms-4\\d8a50df55bd4ca2cb83014dfe64478cd\\transformed\\zxing-android-embedded-4.3.0\\jars\\classes.jar;C:\\Users\\Shammir\\.gradle\\caches\\transforms-4\\f0f72994048c43f811aa8530683844bc\\transformed\\firebase-firestore-25.1.1\\jars\\classes.jar;C:\\Users\\Shammir\\.gradle\\caches\\transforms-4\\009282cf8571e54364359b0fb9e61113\\transformed\\firebase-storage-21.0.1\\jars\\classes.jar;C:\\Users\\Shammir\\.gradle\\caches\\transforms-4\\7c992945511574f95f63fc3fde0c0315\\transformed\\glide-4.15.1\\jars\\classes.jar;C:\\Users\\Shammir\\.gradle\\caches\\transforms-4\\d863e59fc6d11f5030d8b2cc3b4bcc1d\\transformed\\material-1.12.0\\jars\\classes.jar;C:\\Users\\Shammir\\.gradle\\caches\\transforms-4\\ad9cbd3c1cc43f4c776036709b00062d\\transformed\\constraintlayout-2.2.0\\jars\\classes.jar;C:\\Users\\Shammir\\.gradle\\caches\\transforms-4\\b9109ced4d2e66989f4f8f7eb2f27b2f\\transformed\\appcompat-resources-1.7.0\\jars\\classes.jar;C:\\Users\\Shammir\\.gradle\\caches\\transforms-4\\eff74bcda41d44952a249f7dbdfb10d8\\transformed\\appcompat-1.7.0\\jars\\classes.jar;C:\\Users\\Shammir\\.gradle\\caches\\transforms-4\\90b40c3ff3661f5c2a8e6b4cb3b04d79\\transformed\\play-services-maps-18.1.0\\jars\\classes.jar;C:\\Users\\Shammir\\.gradle\\caches\\transforms-4\\26559bd2e8eb75c7a95cad57a5269a9c\\transformed\\firebase-appcheck-18.0.0\\jars\\classes.jar;C:\\Users\\Shammir\\.gradle\\caches\\transforms-4\\9d5749c5bbd0a6d6e19101e97152d23a\\transformed\\firebase-appcheck-interop-17.1.0\\jars\\classes.jar;C:\\Users\\Shammir\\.gradle\\caches\\transforms-4\\8163ce77a8cd5563559d6babe9215be8\\transformed\\firebase-database-collection-18.0.1\\jars\\classes.jar;C:\\Users\\Shammir\\.gradle\\caches\\transforms-4\\a9a9e97b2e43e69354cb9ce9d2d4ddbf\\transformed\\play-services-base-18.5.0\\jars\\classes.jar;C:\\Users\\Shammir\\.gradle\\caches\\transforms-4\\fa392a51e7b67e995a67a79e8fe412b3\\transformed\\firebase-auth-interop-20.0.0\\jars\\classes.jar;C:\\Users\\Shammir\\.gradle\\caches\\transforms-4\\3a2429570237b8521680b1ec3249932f\\transformed\\firebase-common-ktx-21.0.0\\jars\\classes.jar;C:\\Users\\Shammir\\.gradle\\caches\\transforms-4\\5f21cfb65469477abe07988fb1a46f77\\transformed\\firebase-common-21.0.0\\jars\\classes.jar;C:\\Users\\Shammir\\.gradle\\caches\\transforms-4\\c466efe8cdf3001feca9dbeac7af8e44\\transformed\\fragment-ktx-1.6.2\\jars\\classes.jar;C:\\Users\\Shammir\\.gradle\\caches\\transforms-4\\28cddf22af9c065710acb34e5c732f62\\transformed\\core-1.6.1\\jars\\classes.jar;C:\\Users\\Shammir\\.gradle\\caches\\transforms-4\\7afb960d4d009dfa8398c651be71a50b\\transformed\\activity-ktx-1.9.3\\jars\\classes.jar;C:\\Users\\Shammir\\.gradle\\caches\\transforms-4\\db1fe202ea8255d22c11c543e7e0cccc\\transformed\\savedstate-ktx-1.2.1\\jars\\classes.jar;C:\\Users\\Shammir\\.gradle\\caches\\transforms-4\\12f0a150903edb15ada3831817359b87\\transformed\\savedstate-1.2.1\\jars\\classes.jar;C:\\Users\\Shammir\\.gradle\\caches\\transforms-4\\a74f6ad83041d9ee6eb19fccd244042e\\transformed\\emoji2-views-helper-1.3.0\\jars\\classes.jar;C:\\Users\\Shammir\\.gradle\\caches\\transforms-4\\f48b7cc86f475e2dce9cf48375aef5e5\\transformed\\emoji2-1.3.0\\jars\\classes.jar;C:\\Users\\Shammir\\.gradle\\caches\\transforms-4\\f48b7cc86f475e2dce9cf48375aef5e5\\transformed\\emoji2-1.3.0\\jars\\libs\\repackaged.jar;C:\\Users\\Shammir\\.gradle\\caches\\transforms-4\\d49a05c162f3e49b3749bd386dbd5f71\\transformed\\transition-1.5.0\\jars\\classes.jar;C:\\Users\\Shammir\\.gradle\\caches\\transforms-4\\58fc2022e58196022724b4282cc518cb\\transformed\\dynamicanimation-1.0.0\\jars\\classes.jar;C:\\Users\\Shammir\\.gradle\\caches\\transforms-4\\665bae47ad8d6ba3e33b49d08da1c624\\transformed\\legacy-support-core-utils-1.0.0\\jars\\classes.jar;C:\\Users\\Shammir\\.gradle\\caches\\transforms-4\\8302a8178b72831f546641adf18be197\\transformed\\loader-1.0.0\\jars\\classes.jar;C:\\Users\\Shammir\\.gradle\\caches\\transforms-4\\7c844accf69a1aa9b9671251c32b887a\\transformed\\lifecycle-livedata-2.6.2\\jars\\classes.jar;C:\\Users\\Shammir\\.gradle\\caches\\transforms-4\\cdab2229d1bd7e2619adc8c3215fc4d1\\transformed\\lifecycle-viewmodel-2.6.2\\jars\\classes.jar;C:\\Users\\Shammir\\.gradle\\caches\\transforms-4\\b001a636ecd6e8fcf8e97cb1caef0852\\transformed\\lifecycle-process-2.6.2\\jars\\classes.jar;C:\\Users\\Shammir\\.gradle\\caches\\transforms-4\\2db8901bda20b1b852880ccdc3fd2b9f\\transformed\\lifecycle-livedata-core-ktx-2.6.2\\jars\\classes.jar;C:\\Users\\Shammir\\.gradle\\caches\\transforms-4\\3fafd44e7de93e88335fba58bf8f414d\\transformed\\lifecycle-livedata-core-2.6.2\\jars\\classes.jar;C:\\Users\\Shammir\\.gradle\\caches\\transforms-4\\d666b9ae57feb92f2700c50462401dc8\\transformed\\lifecycle-runtime-ktx-2.6.2\\jars\\classes.jar;C:\\Users\\Shammir\\.gradle\\caches\\transforms-4\\f28e8b7513c067cb1180132a6b30c238\\transformed\\lifecycle-viewmodel-savedstate-2.6.2\\jars\\classes.jar;C:\\Users\\Shammir\\.gradle\\caches\\transforms-4\\a59e38cf37eeee96369a599dee388857\\transformed\\core-ktx-1.13.0\\jars\\classes.jar;C:\\Users\\Shammir\\.gradle\\caches\\transforms-4\\14a47b145d62649fc2630c055b2d82cc\\transformed\\drawerlayout-1.1.1\\jars\\classes.jar;C:\\Users\\Shammir\\.gradle\\caches\\transforms-4\\44f28faea1472b62d9b14983e869bc33\\transformed\\coordinatorlayout-1.1.0\\jars\\classes.jar;C:\\Users\\Shammir\\.gradle\\caches\\transforms-4\\00eac06928d4c7e229f9e3d706c5ed11\\transformed\\vectordrawable-animated-1.1.0\\jars\\classes.jar;C:\\Users\\Shammir\\.gradle\\caches\\transforms-4\\0f923d2c6f05f905b86b25c1c44de600\\transformed\\vectordrawable-1.1.0\\jars\\classes.jar;C:\\Users\\Shammir\\.gradle\\caches\\transforms-4\\288f097db75f221c0694396b9772e3f2\\transformed\\viewpager2-1.0.0\\jars\\classes.jar;C:\\Users\\Shammir\\.gradle\\caches\\transforms-4\\ef90975c728f4b578377172bc795429c\\transformed\\recyclerview-1.1.0\\jars\\classes.jar;C:\\Users\\Shammir\\.gradle\\caches\\transforms-4\\4024e24480d8bfdbae0816cd25bcc351\\transformed\\viewpager-1.0.0\\jars\\classes.jar;C:\\Users\\Shammir\\.gradle\\caches\\transforms-4\\15aea236e20cab95e79f131a509ed283\\transformed\\customview-1.1.0\\jars\\classes.jar;C:\\Users\\Shammir\\.gradle\\caches\\transforms-4\\76741bf40b4c9040d0324a657ee7d7e6\\transformed\\core-1.13.0\\jars\\classes.jar;C:\\Users\\Shammir\\.gradle\\caches\\transforms-4\\18579ac9601bd211fdaf12ed22c2c264\\transformed\\lifecycle-runtime-2.6.2\\jars\\classes.jar;C:\\Users\\Shammir\\.gradle\\caches\\transforms-4\\74b4de7561baa6a030b3707718ef1679\\transformed\\lifecycle-viewmodel-ktx-2.6.2\\jars\\classes.jar;C:\\Users\\Shammir\\.gradle\\caches\\transforms-4\\a740b954bf7e3665002352f8fe7eb002\\transformed\\play-services-tasks-18.2.0\\jars\\classes.jar;C:\\Users\\Shammir\\.gradle\\caches\\transforms-4\\7141fa84f55e1fdf75a81ebf1c3ce3c1\\transformed\\play-services-basement-18.4.0\\jars\\classes.jar;C:\\Users\\Shammir\\.gradle\\caches\\transforms-4\\3e5018211d5ea986deed07e361f553f3\\transformed\\fragment-1.6.2\\jars\\classes.jar;C:\\Users\\Shammir\\.gradle\\caches\\transforms-4\\5f14b000792d21f5f1e275b2301eca31\\transformed\\activity-1.9.3\\jars\\classes.jar;C:\\Users\\Shammir\\.gradle\\caches\\transforms-4\\b8f40d207cd4d851c6a368f47f997e0a\\transformed\\firebase-components-18.0.0\\jars\\classes.jar;C:\\Users\\Shammir\\.gradle\\caches\\transforms-4\\6055ac97785eab4168a6ccaa18557d4b\\transformed\\core-1.0.0\\jars\\classes.jar;C:\\Users\\Shammir\\.gradle\\caches\\transforms-4\\db817b9aaa7c63778196abcc78ff736f\\transformed\\exifinterface-1.3.3\\jars\\classes.jar;C:\\Users\\Shammir\\.gradle\\caches\\transforms-4\\667f83944e5b4e512d6ab4f4b9ca8a9e\\transformed\\gifdecoder-4.15.1\\jars\\classes.jar;C:\\Users\\Shammir\\.gradle\\caches\\transforms-4\\6421b30d3103227859ae482a34ead04b\\transformed\\storage-1.5.0\\jars\\classes.jar;C:\\Users\\Shammir\\.gradle\\caches\\transforms-4\\742e36d0201500c51b5719f1ce5442e1\\transformed\\monitor-1.7.1\\jars\\classes.jar;C:\\Users\\Shammir\\.gradle\\caches\\transforms-4\\89719d897c5c895f597cad7ab9bbd791\\transformed\\profileinstaller-1.4.0\\jars\\classes.jar;C:\\Users\\Shammir\\.gradle\\caches\\transforms-4\\3dbe2a665597ad47451027924dd32396\\transformed\\cursoradapter-1.0.0\\jars\\classes.jar;C:\\Users\\Shammir\\.gradle\\caches\\transforms-4\\746a492dc48972bda27ad0347ace43b5\\transformed\\cardview-1.0.0\\jars\\classes.jar;C:\\Users\\Shammir\\.gradle\\caches\\transforms-4\\0a0d19ce5279cfa7a0bceed4949acdb4\\transformed\\interpolator-1.0.0\\jars\\classes.jar;C:\\Users\\Shammir\\.gradle\\caches\\transforms-4\\14b178f0ad5d23f06ed124af763600a3\\transformed\\startup-runtime-1.1.1\\jars\\classes.jar;C:\\Users\\Shammir\\.gradle\\caches\\transforms-4\\c28b2f4acdffe6c35df92607f26180dc\\transformed\\tracing-1.1.0\\jars\\classes.jar;C:\\Users\\Shammir\\.gradle\\caches\\transforms-4\\9475288ad45fd7eef1da525964bc2fd7\\transformed\\versionedparcelable-1.1.1\\jars\\classes.jar;C:\\Users\\Shammir\\.gradle\\caches\\transforms-4\\66397d14ee7ac1cfb21c55a7a6fe1f4b\\transformed\\core-runtime-2.2.0\\jars\\classes.jar;C:\\Users\\Shammir\\.gradle\\caches\\transforms-4\\4286916dd87fd959262a5c4e427ca942\\transformed\\documentfile-1.0.0\\jars\\classes.jar;C:\\Users\\Shammir\\.gradle\\caches\\transforms-4\\92084b5387685ccf0ec5f199d48d2ad4\\transformed\\localbroadcastmanager-1.0.0\\jars\\classes.jar;C:\\Users\\Shammir\\.gradle\\caches\\transforms-4\\d16435a79fa37d140717b297aaecd530\\transformed\\print-1.0.0\\jars\\classes.jar;C:\\Users\\Shammir\\.gradle\\caches\\transforms-4\\39d0a892bf3ef60e444acfa831ee465b\\transformed\\annotation-experimental-1.4.1\\jars\\classes.jar;C:\\Users\\Shammir\\.gradle\\caches\\transforms-4\\b0f38cff8b6029a12d210267a3584fc8\\transformed\\espresso-idling-resource-3.6.1\\jars\\classes.jar;C:\\Users\\Shammir\\.gradle\\caches\\transforms-4\\bb4a6595bb6f7d336cc89d1c1ecb97b4\\transformed\\grpc-android-1.62.2\\jars\\classes.jar;C:\\Users\\Shammir\\.gradle\\caches\\transforms-4\\b4dc88a9c788d476f2a59ec75f7852b4\\transformed\\protolite-well-known-types-18.0.0\\jars\\classes.jar;C:\\Users\\Shammir\\AndroidStudioProjects\\LavenderBreeze\\code\\app\\build\\intermediates\\compile_and_runtime_not_namespaced_r_class_jar\\debug\\processDebugResources\\R.jar;C:\\Users\\Shammir\\.gradle\\caches\\transforms-4\\f8c6889f915078afe6a232c303a504f4\\transformed\\android.jar
Launcher Type: SUN_STANDARD

[Global flags]
     intx CICompilerCount                          = 4                                         {product} {ergonomic}
     uint ConcGCThreads                            = 3                                         {product} {ergonomic}
     uint G1ConcRefinementThreads                  = 10                                        {product} {ergonomic}
   size_t G1HeapRegionSize                         = 1048576                                   {product} {ergonomic}
    uintx GCDrainStackTargetSize                   = 64                                        {product} {ergonomic}
   size_t InitialHeapSize                          = 536870912                                 {product} {ergonomic}
   size_t MarkStackSize                            = 4194304                                   {product} {ergonomic}
   size_t MaxHeapSize                              = 536870912                                 {product} {command line}
   size_t MinHeapDeltaBytes                        = 1048576                                   {product} {ergonomic}
   size_t MinHeapSize                              = 8388608                                   {product} {ergonomic}
    uintx NonNMethodCodeHeapSize                   = 5839372                                {pd product} {ergonomic}
    uintx NonProfiledCodeHeapSize                  = 122909434                              {pd product} {ergonomic}
    uintx ProfiledCodeHeapSize                     = 122909434                              {pd product} {ergonomic}
    uintx ReservedCodeCacheSize                    = 251658240                              {pd product} {ergonomic}
     bool SegmentedCodeCache                       = true                                      {product} {ergonomic}
   size_t SoftMaxHeapSize                          = 536870912                              {manageable} {ergonomic}
     bool UseCompressedOops                        = true                           {product lp64_product} {ergonomic}
     bool UseG1GC                                  = true                                      {product} {ergonomic}
     bool UseLargePagesIndividualAllocation        = false                                  {pd product} {ergonomic}

Logging:
Log output configuration:
 #0: stdout all=warning uptime,level,tags foldmultilines=false
 #1: stderr all=off uptime,level,tags foldmultilines=false

Environment Variables:
PATH=C:\Program Files\Common Files\Oracle\Java\javapath;C:\Windows\system32;C:\Windows;C:\Windows\System32\Wbem;C:\Windows\System32\WindowsPowerShell\v1.0\;C:\Windows\System32\OpenSSH\;C:\Program Files\NVIDIA Corporation\NVIDIA NvDLISR;C:\Program Files (x86)\NVIDIA Corporation\PhysX\Common;C:\Program Files\MATLAB\R2023b\bin;C:\Program Files\dotnet\;C:\Program Files (x86)\Windows Kits\10\Windows Performance Toolkit\;C:\Program Files\Common Files\Autodesk Shared\;C:\Program Files\Microsoft SQL Server\150\Tools\Binn\;C:\Program Files\Git\cmd;C:\Users\Shammir\AppData\Local\Microsoft\WindowsApps;C:\Users\Shammir\AppData\Local\Programs\Microsoft VS Code\bin;C:\Users\Shammir\AppData\Local\GitHubDesktop\bin
USERNAME=Shammir
OS=Windows_NT
PROCESSOR_IDENTIFIER=AMD64 Family 25 Model 33 Stepping 2, AuthenticAMD
TMP=C:\Users\Shammir\AppData\Local\Temp
TEMP=C:\Users\Shammir\AppData\Local\Temp




Periodic native trim disabled

JNI global refs:
JNI global refs: 0, weak refs: 0

JNI global refs memory usage: 0, weak refs: 0

Process memory usage:
Resident Set Size: 11628K (0% of 33456312K total physical memory with 9353816K free physical memory)

OOME stack traces (most recent first):
Classloader memory used:

---------------  S Y S T E M  ---------------

OS:
 Windows 10 , 64 bit Build 19041 (10.0.19041.5072)
OS uptime: 12 days 0:28 hours
Hyper-V role detected

CPU: total 12 (initial active 12) (12 cores per cpu, 2 threads per core) family 25 model 33 stepping 2 microcode 0x0, cx8, cmov, fxsr, ht, mmx, 3dnowpref, sse, sse2, sse3, ssse3, sse4a, sse4.1, sse4.2, popcnt, lzcnt, tsc, tscinvbit, avx, avx2, aes, erms, clmul, bmi1, bmi2, adx, sha, fma, vzeroupper, clflush, clflushopt, hv, rdtscp, rdpid, fsrm, f16c, cet_ss
Processor Information for all 12 processors :
  Max Mhz: 3701, Current Mhz: 3701, Mhz Limit: 3701

Memory: 4k page, system-wide physical 32672M (9134M free)
TotalPageFile size 130976M (AvailPageFile size 271M)
current process WorkingSet (physical memory assigned to process): 11M, peak: 11M
current process commit charge ("private bytes"): 63M, peak: 575M

vm_info: OpenJDK 64-Bit Server VM (21.0.3+-12282718-b509.11) for windows-amd64 JRE (21.0.3+-12282718-b509.11), built on 2024-08-27T17:34:15Z by "builder" with MS VC++ 16.10 / 16.11 (VS2019)

END.
