#
# There is insufficient memory for the Java Runtime Environment to continue.
# Native memory allocation (mmap) failed to map 536870912 bytes. Error detail: G1 virtual space
# Possible reasons:
#   The system is out of physical RAM or swap space
#   This process is running with CompressedOops enabled, and the Java Heap may be blocking the growth of the native heap
# Possible solutions:
#   Reduce memory load on the system
#   Increase physical memory or swap space
#   Check if swap backing store is full
#   Decrease Java heap size (-Xmx/-Xms)
#   Decrease number of Java threads
#   Decrease Java thread stack sizes (-Xss)
#   Set larger code cache with -XX:ReservedCodeCacheSize=
#   JVM is running with Zero Based Compressed Oops mode in which the Java heap is
#     placed in the first 32GB address space. The Java Heap base address is the
#     maximum limit for the native heap growth. Please use -XX:HeapBaseMinAddress
#     to set the Java Heap base and to place the Java Heap above 32GB virtual address.
# This output file may be truncated or incomplete.
#
#  Out of Memory Error (os_windows.cpp:3815), pid=33524, tid=30312
#
# JRE version:  (21.0.3) (build )
# Java VM: OpenJDK 64-Bit Server VM (21.0.3+-12282718-b509.11, mixed mode, sharing, tiered, compressed oops, compressed class ptrs, g1 gc, windows-amd64)
# No core dump will be written. Minidumps are not enabled by default on client versions of Windows
#

---------------  S U M M A R Y ------------

Command Line: -Djava.awt.headless=true -Djava.util.logging.config.file=C:\Users\Shammir\.android\utp\logging6030464529167696874properties -Dfile.encoding=UTF-8 com.google.testing.platform.launcher.Launcher C:\Users\Shammir\.gradle\caches\modules-2\files-2.1\com.google.testing.platform\core\0.0.9-alpha02\8d72767495b76dfdfe1a4f02bab67cb035da816d\core-0.0.9-alpha02.jar --proto_config=C:\Users\Shammir\.android\utp\runnerConfig1091708668068006848.pb --proto_server_config=C:\Users\Shammir\.android\utp\serverConfig15888011413518466231.pb

Host: AMD Ryzen 5 5600X 6-Core Processor             , 12 cores, 31G,  Windows 10 , 64 bit Build 19041 (10.0.19041.5072)
Time: Sun Dec  1 19:34:30 2024 Mountain Standard Time elapsed time: 0.005976 seconds (0d 0h 0m 0s)

---------------  T H R E A D  ---------------

Current thread (0x000002a545c6f0f0):  JavaThread "Unknown thread" [_thread_in_vm, id=30312, stack(0x000000c12fb00000,0x000000c12fc00000) (1024K)]

Stack: [0x000000c12fb00000,0x000000c12fc00000]
Native frames: (J=compiled Java code, j=interpreted, Vv=VM code, C=native code)
V  [jvm.dll+0x6cafb9]
V  [jvm.dll+0x858523]
V  [jvm.dll+0x85aa7e]
V  [jvm.dll+0x85b163]
V  [jvm.dll+0x27d356]
V  [jvm.dll+0x6c7865]
V  [jvm.dll+0x6bbd3a]
V  [jvm.dll+0x35199b]
V  [jvm.dll+0x3595d6]
V  [jvm.dll+0x3aa826]
V  [jvm.dll+0x3aaaf8]
V  [jvm.dll+0x3240bc]
V  [jvm.dll+0x324dab]
V  [jvm.dll+0x81fd89]
V  [jvm.dll+0x3b7c08]
V  [jvm.dll+0x80921d]
V  [jvm.dll+0x44c05e]
V  [jvm.dll+0x44d6b1]
C  [jli.dll+0x52ab]
C  [ucrtbase.dll+0x21bb2]
C  [KERNEL32.DLL+0x17374]
C  [ntdll.dll+0x4cc91]


---------------  P R O C E S S  ---------------

Threads class SMR info:
_java_thread_list=0x00007ffe6f7357c8, length=0, elements={
}

Java Threads: ( => current thread )
Total: 0

Other Threads:
  0x000002a547eaa7d0 WorkerThread "GC Thread#0"                     [id=23212, stack(0x000000c12fc00000,0x000000c12fd00000) (1024K)]
  0x000002a547ebd890 ConcurrentGCThread "G1 Main Marker"            [id=2532, stack(0x000000c12fd00000,0x000000c12fe00000) (1024K)]
  0x000002a547ebeb30 WorkerThread "G1 Conc#0"                       [id=9580, stack(0x000000c12fe00000,0x000000c12ff00000) (1024K)]

[error occurred during error reporting (printing all threads), id 0xc0000005, EXCEPTION_ACCESS_VIOLATION (0xc0000005) at pc=0x00007ffe6ef37197]
VM state: not at safepoint (not fully initialized)

VM Mutex/Monitor currently owned by a thread:  ([mutex/lock_event])
[0x00007ffe6f7a21c8] Heap_lock - owner thread: 0x000002a545c6f0f0

Heap address: 0x0000000601400000, size: 8172 MB, Compressed Oops mode: Zero based, Oop shift amount: 3

CDS archive(s) mapped at: [0x0000000000000000-0x0000000000000000-0x0000000000000000), size 0, SharedBaseAddress: 0x0000000800000000, ArchiveRelocationMode: 1.
Narrow klass base: 0x0000000000000000, Narrow klass shift: 0, Narrow klass range: 0x0

GC Precious Log:
 CardTable entry size: 512
 Card Set container configuration: InlinePtr #cards 4 size 8 Array Of Cards #cards 32 size 80 Howl #buckets 8 coarsen threshold 7372 Howl Bitmap #cards 1024 size 144 coarsen threshold 921 Card regions per heap region 1 cards per card region 8192

Heap:
 garbage-first heap   total 0K, used 0K [0x0000000601400000, 0x0000000800000000)
  region size 4096K, 0 young (0K), 0 survivors (0K)
 Metaspace       used 0K, committed 0K, reserved 0K
  class space    used 0K, committed 0K, reserved 0K

Heap Regions: E=young(eden), S=young(survivor), O=old, HS=humongous(starts), HC=humongous(continues), CS=collection set, F=free, TAMS=top-at-mark-start, PB=parsable bottom

Card table byte_map: [0x000002a55b4b0000,0x000002a55c4b0000] _byte_map_base: 0x000002a5584a6000

Marking Bits: (CMBitMap*) 0x000002a547eaaed0
 Bits: [0x000002a55c4b0000, 0x000002a564460000)

GC Heap History (0 events):
No events

Dll operation events (1 events):
Event: 0.004 Loaded shared library C:\Program Files\Android\Android Studio1\jbr\bin\java.dll

Deoptimization events (0 events):
No events

Classes loaded (0 events):
No events

Classes unloaded (0 events):
No events

Classes redefined (0 events):
No events

Internal exceptions (0 events):
No events

ZGC Phase Switch (0 events):
No events

VM Operations (0 events):
No events

Events (0 events):
No events


Dynamic libraries:
0x00007ff73cdf0000 - 0x00007ff73cdfa000 	C:\Program Files\Android\Android Studio1\jbr\bin\java.exe
0x00007fff43750000 - 0x00007fff43948000 	C:\Windows\SYSTEM32\ntdll.dll
0x00007fff43350000 - 0x00007fff43412000 	C:\Windows\System32\KERNEL32.DLL
0x00007fff411e0000 - 0x00007fff414de000 	C:\Windows\System32\KERNELBASE.dll
0x00007fff3cc40000 - 0x00007fff3ccd4000 	C:\Windows\SYSTEM32\apphelp.dll
0x00007fff414e0000 - 0x00007fff415e0000 	C:\Windows\System32\ucrtbase.dll
0x00007fff23840000 - 0x00007fff2385b000 	C:\Program Files\Android\Android Studio1\jbr\bin\VCRUNTIME140.dll
0x00007fff3cd20000 - 0x00007fff3cd38000 	C:\Program Files\Android\Android Studio1\jbr\bin\jli.dll
0x00007fff42d20000 - 0x00007fff42ebd000 	C:\Windows\System32\USER32.dll
0x00007fff416d0000 - 0x00007fff416f2000 	C:\Windows\System32\win32u.dll
0x00007fff35a00000 - 0x00007fff35c9a000 	C:\Windows\WinSxS\amd64_microsoft.windows.common-controls_6595b64144ccf1df_6.0.19041.4355_none_60b8b9eb71f62e16\COMCTL32.dll
0x00007fff42830000 - 0x00007fff4285b000 	C:\Windows\System32\GDI32.dll
0x00007fff42990000 - 0x00007fff42a2e000 	C:\Windows\System32\msvcrt.dll
0x00007fff40e80000 - 0x00007fff40f97000 	C:\Windows\System32\gdi32full.dll
0x00007fff41630000 - 0x00007fff416cd000 	C:\Windows\System32\msvcp_win.dll
0x00007fff41fc0000 - 0x00007fff41fef000 	C:\Windows\System32\IMM32.DLL
0x00007fff3cfd0000 - 0x00007fff3cfdc000 	C:\Program Files\Android\Android Studio1\jbr\bin\vcruntime140_1.dll
0x00007fff07440000 - 0x00007fff074cd000 	C:\Program Files\Android\Android Studio1\jbr\bin\msvcp140.dll
0x00007ffe6ec00000 - 0x00007ffe6f87d000 	C:\Program Files\Android\Android Studio1\jbr\bin\server\jvm.dll
0x00007fff43290000 - 0x00007fff43341000 	C:\Windows\System32\ADVAPI32.dll
0x00007fff41d50000 - 0x00007fff41def000 	C:\Windows\System32\sechost.dll
0x00007fff41e80000 - 0x00007fff41fa3000 	C:\Windows\System32\RPCRT4.dll
0x00007fff411b0000 - 0x00007fff411d7000 	C:\Windows\System32\bcrypt.dll
0x00007fff42ec0000 - 0x00007fff42f2b000 	C:\Windows\System32\WS2_32.dll
0x00007fff402f0000 - 0x00007fff4033b000 	C:\Windows\SYSTEM32\POWRPROF.dll
0x00007fff31f70000 - 0x00007fff31f97000 	C:\Windows\SYSTEM32\WINMM.dll
0x00007fff37be0000 - 0x00007fff37bea000 	C:\Windows\SYSTEM32\VERSION.dll
0x00007fff401b0000 - 0x00007fff401c2000 	C:\Windows\SYSTEM32\UMPDC.dll
0x00007fff3eb70000 - 0x00007fff3eb82000 	C:\Windows\SYSTEM32\kernel.appcore.dll
0x00007fff3c340000 - 0x00007fff3c34a000 	C:\Program Files\Android\Android Studio1\jbr\bin\jimage.dll
0x00007fff31630000 - 0x00007fff31814000 	C:\Windows\SYSTEM32\DBGHELP.DLL
0x00007fff1b0c0000 - 0x00007fff1b0f4000 	C:\Windows\SYSTEM32\dbgcore.DLL
0x00007fff40df0000 - 0x00007fff40e72000 	C:\Windows\System32\bcryptPrimitives.dll
0x00007fff1b1a0000 - 0x00007fff1b1bf000 	C:\Program Files\Android\Android Studio1\jbr\bin\java.dll

dbghelp: loaded successfully - version: 4.0.5 - missing functions: none
symbol engine: initialized successfully - sym options: 0x614 - pdb path: .;C:\Program Files\Android\Android Studio1\jbr\bin;C:\Windows\SYSTEM32;C:\Windows\WinSxS\amd64_microsoft.windows.common-controls_6595b64144ccf1df_6.0.19041.4355_none_60b8b9eb71f62e16;C:\Program Files\Android\Android Studio1\jbr\bin\server

VM Arguments:
jvm_args: -Djava.awt.headless=true -Djava.util.logging.config.file=C:\Users\Shammir\.android\utp\logging6030464529167696874properties -Dfile.encoding=UTF-8 
java_command: com.google.testing.platform.launcher.Launcher C:\Users\Shammir\.gradle\caches\modules-2\files-2.1\com.google.testing.platform\core\0.0.9-alpha02\8d72767495b76dfdfe1a4f02bab67cb035da816d\core-0.0.9-alpha02.jar --proto_config=C:\Users\Shammir\.android\utp\runnerConfig1091708668068006848.pb --proto_server_config=C:\Users\Shammir\.android\utp\serverConfig15888011413518466231.pb
java_class_path (initial): C:\Users\Shammir\.gradle\caches\modules-2\files-2.1\com.google.testing.platform\launcher\0.0.9-alpha02\f43549bd43bd4df370cfa9bcf93793e7b9cb217\launcher-0.0.9-alpha02.jar
Launcher Type: SUN_STANDARD

[Global flags]
     intx CICompilerCount                          = 4                                         {product} {ergonomic}
     uint ConcGCThreads                            = 3                                         {product} {ergonomic}
     uint G1ConcRefinementThreads                  = 10                                        {product} {ergonomic}
   size_t G1HeapRegionSize                         = 4194304                                   {product} {ergonomic}
    uintx GCDrainStackTargetSize                   = 64                                        {product} {ergonomic}
   size_t InitialHeapSize                          = 536870912                                 {product} {ergonomic}
   size_t MarkStackSize                            = 4194304                                   {product} {ergonomic}
   size_t MaxHeapSize                              = 8568963072                                {product} {ergonomic}
   size_t MinHeapDeltaBytes                        = 4194304                                   {product} {ergonomic}
   size_t MinHeapSize                              = 8388608                                   {product} {ergonomic}
    uintx NonNMethodCodeHeapSize                   = 5839372                                {pd product} {ergonomic}
    uintx NonProfiledCodeHeapSize                  = 122909434                              {pd product} {ergonomic}
    uintx ProfiledCodeHeapSize                     = 122909434                              {pd product} {ergonomic}
    uintx ReservedCodeCacheSize                    = 251658240                              {pd product} {ergonomic}
     bool SegmentedCodeCache                       = true                                      {product} {ergonomic}
   size_t SoftMaxHeapSize                          = 8568963072                             {manageable} {ergonomic}
     bool UseCompressedOops                        = true                           {product lp64_product} {ergonomic}
     bool UseG1GC                                  = true                                      {product} {ergonomic}
     bool UseLargePagesIndividualAllocation        = false                                  {pd product} {ergonomic}

Logging:
Log output configuration:
 #0: stdout all=warning uptime,level,tags foldmultilines=false
 #1: stderr all=off uptime,level,tags foldmultilines=false

Environment Variables:
PATH=C:\Program Files\Common Files\Oracle\Java\javapath;C:\Windows\system32;C:\Windows;C:\Windows\System32\Wbem;C:\Windows\System32\WindowsPowerShell\v1.0\;C:\Windows\System32\OpenSSH\;C:\Program Files\NVIDIA Corporation\NVIDIA NvDLISR;C:\Program Files (x86)\NVIDIA Corporation\PhysX\Common;C:\Program Files\MATLAB\R2023b\bin;C:\Program Files\dotnet\;C:\Program Files (x86)\Windows Kits\10\Windows Performance Toolkit\;C:\Program Files\Common Files\Autodesk Shared\;C:\Program Files\Microsoft SQL Server\150\Tools\Binn\;C:\Program Files\Git\cmd;C:\Users\Shammir\AppData\Local\Microsoft\WindowsApps;C:\Users\Shammir\AppData\Local\Programs\Microsoft VS Code\bin;C:\Users\Shammir\AppData\Local\GitHubDesktop\bin
USERNAME=Shammir
OS=Windows_NT
PROCESSOR_IDENTIFIER=AMD64 Family 25 Model 33 Stepping 2, AuthenticAMD
TMP=C:\Users\Shammir\AppData\Local\Temp
TEMP=C:\Users\Shammir\AppData\Local\Temp




Periodic native trim disabled

JNI global refs:
JNI global refs: 0, weak refs: 0

JNI global refs memory usage: 0, weak refs: 0

Process memory usage:
Resident Set Size: 11860K (0% of 33456312K total physical memory with 9430808K free physical memory)

OOME stack traces (most recent first):
Classloader memory used:

---------------  S Y S T E M  ---------------

OS:
 Windows 10 , 64 bit Build 19041 (10.0.19041.5072)
OS uptime: 12 days 0:30 hours
Hyper-V role detected

CPU: total 12 (initial active 12) (12 cores per cpu, 2 threads per core) family 25 model 33 stepping 2 microcode 0x0, cx8, cmov, fxsr, ht, mmx, 3dnowpref, sse, sse2, sse3, ssse3, sse4a, sse4.1, sse4.2, popcnt, lzcnt, tsc, tscinvbit, avx, avx2, aes, erms, clmul, bmi1, bmi2, adx, sha, fma, vzeroupper, clflush, clflushopt, hv, rdtscp, rdpid, fsrm, f16c, cet_ss
Processor Information for all 12 processors :
  Max Mhz: 3701, Current Mhz: 3701, Mhz Limit: 3701

Memory: 4k page, system-wide physical 32672M (9209M free)
TotalPageFile size 130976M (AvailPageFile size 184M)
current process WorkingSet (physical memory assigned to process): 11M, peak: 11M
current process commit charge ("private bytes"): 64M, peak: 576M

vm_info: OpenJDK 64-Bit Server VM (21.0.3+-12282718-b509.11) for windows-amd64 JRE (21.0.3+-12282718-b509.11), built on 2024-08-27T17:34:15Z by "builder" with MS VC++ 16.10 / 16.11 (VS2019)

END.
